<?xml version="1.0" encoding="UTF-8"?>
<!-- Generated by org.testng.reporters.JUnitReportReporter -->
<testsuite hostname="DrSilence" failures="0" tests="4" name="TestNG.TestDependencies" time="0.054" errors="0" timestamp="2023-10-12T10:41:58 IST" skipped="2">
  <testcase classname="TestNG.TestDependencies" name="orange" time="0.037"/>
  <testcase classname="TestNG.TestDependencies" name="white" time="0.006"/>
  <testcase classname="TestNG.TestDependencies" name="blue" time="0.010">
    <skipped/>
  </testcase> <!-- blue -->
  <testcase classname="TestNG.TestDependencies" name="green" time="0.001">
    <skipped/>
  </testcase> <!-- green -->
</testsuite> <!-- TestNG.TestDependencies -->
