<?xml version="1.0" encoding="UTF-8"?>
<!-- Generated by org.testng.reporters.JUnitReportReporter -->
<testsuite hostname="DrSilence" failures="0" tests="3" name="TestNG.TNG_001" time="0.063" errors="0" timestamp="2023-10-10T22:19:17 IST" skipped="1">
  <testcase classname="TestNG.TNG_001" name="f" time="0.023"/>
  <testcase classname="TestNG.TNG_001" name="z" time="0.040"/>
  <testcase classname="TestNG.TNG_001" name="a">
    <skipped/>
  </testcase> <!-- a -->
</testsuite> <!-- TestNG.TNG_001 -->
