<?xml version="1.0" encoding="UTF-8"?>
<!-- Generated by org.testng.reporters.JUnitReportReporter -->
<testsuite hostname="DrSilence" failures="0" tests="1" name="TestNG.FirstTest" time="0.039" errors="0" timestamp="2023-10-16T15:39:26 IST" skipped="0">
  <testcase classname="TestNG.FirstTest" name="f" time="0.039"/>
</testsuite> <!-- TestNG.FirstTest -->
